2025-07-09 21:51:55.069 | INFO     | __main__:main:13 - SHIOLPlus v1.2 - Starting weekly run.
2025-07-09 21:51:55.070 | INFO     | __main__:main:31 - --- Phase 1: Updating Database ---
2025-07-09 21:51:55.071 | INFO     | src.data_manager:update_db:16 - Reading data from data/NCELPowerball.csv
2025-07-09 21:51:55.080 | INFO     | src.data_manager:update_db:25 - Performing feature engineering...
2025-07-09 21:52:25.147 | INFO     | __main__:main:13 - SHIOLPlus v1.2 - Starting weekly run.
2025-07-09 21:52:25.150 | INFO     | __main__:main:31 - --- Phase 1: Updating Database ---
2025-07-09 21:52:25.151 | INFO     | src.data_manager:update_db:16 - Reading data from data/NCELPowerball.csv
2025-07-09 21:52:25.159 | INFO     | src.data_manager:update_db:25 - Performing feature engineering...
2025-07-09 21:52:25.171 | INFO     | src.data_manager:update_db:40 - Updating database...
2025-07-09 21:52:25.269 | INFO     | src.data_manager:update_db:43 - Database update complete.
2025-07-09 21:52:25.270 | INFO     | __main__:main:34 - --- Phase 2: Training Model ---
2025-07-09 21:52:25.271 | INFO     | src.model_trainer:train_model:19 - Loading data from database for training...
2025-07-09 21:52:25.291 | INFO     | src.model_trainer:train_model:29 - Training model (placeholder)...
2025-07-09 21:52:25.520 | INFO     | src.model_trainer:train_model:49 - Saving model to models/shiolplus_model_v1.2.pkl
2025-07-09 21:52:25.524 | INFO     | src.model_trainer:train_model:51 - Model training complete.
2025-07-09 21:52:25.525 | INFO     | __main__:main:37 - --- Phase 3: Generating Plays ---
2025-07-09 21:52:25.525 | INFO     | src.play_generator:generate_plays:20 - Loading model and generating plays...
2025-07-09 21:52:25.528 | INFO     | src.play_generator:generate_plays:29 - Generating personal plays (placeholder)...
2025-07-09 21:52:25.532 | INFO     | src.play_generator:generate_plays:33 - Generating syndicate plays (placeholder)...
2025-07-09 21:52:25.559 | INFO     | src.play_generator:generate_plays:57 - Play generation complete.
2025-07-09 21:52:25.560 | INFO     | __main__:main:59 - SHIOLPlus run finished.
2025-07-09 21:52:37.388 | INFO     | __main__:main:13 - SHIOLPlus v1.2 - Starting weekly run.
2025-07-09 21:52:37.390 | INFO     | __main__:main:41 - --- Phase 4: Evaluating Results ---
2025-07-09 21:52:37.402 | INFO     | src.results_evaluator:evaluate_results:20 - Evaluating results for draw date: 2025-07-09
2025-07-09 21:53:17.541 | INFO     | __main__:main:13 - SHIOLPlus v1.2 - Starting weekly run.
2025-07-09 21:53:17.542 | INFO     | __main__:main:31 - --- Phase 1: Updating Database ---
2025-07-09 21:53:17.543 | INFO     | src.data_manager:update_db:16 - Reading data from data/NCELPowerball.csv
2025-07-09 21:53:17.552 | INFO     | src.data_manager:update_db:25 - Performing feature engineering...
2025-07-09 21:53:17.562 | INFO     | src.data_manager:update_db:40 - Updating database...
2025-07-09 21:53:17.623 | INFO     | src.data_manager:update_db:43 - Database update complete.
2025-07-09 21:53:17.623 | INFO     | __main__:main:34 - --- Phase 2: Training Model ---
2025-07-09 21:53:17.624 | INFO     | src.model_trainer:train_model:19 - Loading data from database for training...
2025-07-09 21:53:17.642 | INFO     | src.model_trainer:train_model:29 - Training model (placeholder)...
2025-07-09 21:53:17.821 | INFO     | src.model_trainer:train_model:49 - Saving model to models/shiolplus_model_v1.2.pkl
2025-07-09 21:53:17.825 | INFO     | src.model_trainer:train_model:51 - Model training complete.
2025-07-09 21:53:17.826 | INFO     | __main__:main:37 - --- Phase 3: Generating Plays ---
2025-07-09 21:53:17.826 | INFO     | src.play_generator:generate_plays:20 - Loading model and generating plays...
2025-07-09 21:53:17.829 | INFO     | src.play_generator:generate_plays:29 - Generating personal plays (placeholder)...
2025-07-09 21:53:17.833 | INFO     | src.play_generator:generate_plays:33 - Generating syndicate plays (placeholder)...
2025-07-09 21:53:17.879 | INFO     | src.play_generator:generate_plays:70 - Play generation complete.
2025-07-09 21:53:17.879 | INFO     | __main__:main:59 - SHIOLPlus run finished.
2025-07-09 21:53:26.935 | INFO     | __main__:main:13 - SHIOLPlus v1.2 - Starting weekly run.
2025-07-09 21:53:26.937 | INFO     | __main__:main:41 - --- Phase 4: Evaluating Results ---
2025-07-09 21:53:26.948 | INFO     | src.results_evaluator:evaluate_results:20 - Evaluating results for draw date: 2025-07-09
2025-07-09 21:53:26.958 | INFO     | src.results_evaluator:evaluate_results:69 - Results evaluation complete.
2025-07-09 21:53:26.958 | INFO     | __main__:main:59 - SHIOLPlus run finished.
